# JRE version: Java(TM) SE Runtime Environment (8.0_131-b11) (build 1.8.0_131-b11)
# Java VM: Java HotSpot(TM) 64-Bit Server VM (25.131-b11 mixed mode windows-amd64 compressed oops)
Heap:
 PSYoungGen      total 174080K, used 8533K [0x00000000eaf80000, 0x00000000fb080000, 0x0000000100000000)
  eden space 164352K, 5% used [0x00000000eaf80000,0x00000000eb7d54f0,0x00000000f5000000)
  from space 9728K, 0% used [0x00000000f5000000,0x00000000f5000000,0x00000000f5980000)
  to   space 9728K, 0% used [0x00000000fa700000,0x00000000fa700000,0x00000000fb080000)
 ParOldGen       total 29184K, used 14415K [0x00000000c0e00000, 0x00000000c2a80000, 0x00000000eaf80000)
  object space 29184K, 49% used [0x00000000c0e00000,0x00000000c1c13ff8,0x00000000c2a80000)
 Metaspace       used 34386K, capacity 35852K, committed 35968K, reserved 1081344K
  class space    used 4619K, capacity 4908K, committed 4992K, reserved 1048576K
GC Heap History (10 events):
Event: 4.756 GC heap before
{Heap before GC invocations=9 (full 1):
 PSYoungGen      total 71168K, used 64512K [0x00000000eaf80000, 0x00000000f3a80000, 0x0000000100000000)
  eden space 64512K, 100% used [0x00000000eaf80000,0x00000000eee80000,0x00000000eee80000)
  from space 6656K, 0% used [0x00000000eee80000,0x00000000eee80000,0x00000000ef500000)
  to   space 6656K, 0% used [0x00000000f3400000,0x00000000f3400000,0x00000000f3a80000)
 ParOldGen       total 29184K, used 6959K [0x00000000c0e00000, 0x00000000c2a80000, 0x00000000eaf80000)
  object space 29184K, 23% used [0x00000000c0e00000,0x00000000c14cbd38,0x00000000c2a80000)
 Metaspace       used 25385K, capacity 26406K, committed 26624K, reserved 1073152K
  class space    used 3342K, capacity 3581K, committed 3584K, reserved 1048576K
Event: 4.772 GC heap after
Heap after GC invocations=9 (full 1):
 PSYoungGen      total 120320K, used 5185K [0x00000000eaf80000, 0x00000000f3980000, 0x0000000100000000)
  eden space 114688K, 0% used [0x00000000eaf80000,0x00000000eaf80000,0x00000000f1f80000)
  from space 5632K, 92% used [0x00000000f3400000,0x00000000f3910460,0x00000000f3980000)
  to   space 6656K, 0% used [0x00000000f2c80000,0x00000000f2c80000,0x00000000f3300000)
 ParOldGen       total 29184K, used 6967K [0x00000000c0e00000, 0x00000000c2a80000, 0x00000000eaf80000)
  object space 29184K, 23% used [0x00000000c0e00000,0x00000000c14cdd38,0x00000000c2a80000)
 Metaspace       used 25385K, capacity 26406K, committed 26624K, reserved 1073152K
  class space    used 3342K, capacity 3581K, committed 3584K, reserved 1048576K
}
Event: 6.983 GC heap before
{Heap before GC invocations=10 (full 1):
 PSYoungGen      total 120320K, used 119873K [0x00000000eaf80000, 0x00000000f3980000, 0x0000000100000000)
  eden space 114688K, 100% used [0x00000000eaf80000,0x00000000f1f80000,0x00000000f1f80000)
  from space 5632K, 92% used [0x00000000f3400000,0x00000000f3910460,0x00000000f3980000)
  to   space 6656K, 0% used [0x00000000f2c80000,0x00000000f2c80000,0x00000000f3300000)
 ParOldGen       total 29184K, used 6967K [0x00000000c0e00000, 0x00000000c2a80000, 0x00000000eaf80000)
  object space 29184K, 23% used [0x00000000c0e00000,0x00000000c14cdd38,0x00000000c2a80000)
 Metaspace       used 27708K, capacity 28828K, committed 28928K, reserved 1075200K
  class space    used 3573K, capacity 3802K, committed 3840K, reserved 1048576K
Event: 7.049 GC heap after
Heap after GC invocations=10 (full 1):
 PSYoungGen      total 134656K, used 6634K [0x00000000eaf80000, 0x00000000f6100000, 0x0000000100000000)
  eden space 128000K, 0% used [0x00000000eaf80000,0x00000000eaf80000,0x00000000f2c80000)
  from space 6656K, 99% used [0x00000000f2c80000,0x00000000f32fa888,0x00000000f3300000)
  to   space 7680K, 0% used [0x00000000f5980000,0x00000000f5980000,0x00000000f6100000)
 ParOldGen       total 29184K, used 7502K [0x00000000c0e00000, 0x00000000c2a80000, 0x00000000eaf80000)
  object space 29184K, 25% used [0x00000000c0e00000,0x00000000c1553b18,0x00000000c2a80000)
 Metaspace       used 27708K, capacity 28828K, committed 28928K, reserved 1075200K
  class space    used 3573K, capacity 3802K, committed 3840K, reserved 1048576K
}
Event: 9.638 GC heap before
{Heap before GC invocations=11 (full 1):
 PSYoungGen      total 134656K, used 134634K [0x00000000eaf80000, 0x00000000f6100000, 0x0000000100000000)
  eden space 128000K, 100% used [0x00000000eaf80000,0x00000000f2c80000,0x00000000f2c80000)
  from space 6656K, 99% used [0x00000000f2c80000,0x00000000f32fa888,0x00000000f3300000)
  to   space 7680K, 0% used [0x00000000f5980000,0x00000000f5980000,0x00000000f6100000)
 ParOldGen       total 29184K, used 7502K [0x00000000c0e00000, 0x00000000c2a80000, 0x00000000eaf80000)
  object space 29184K, 25% used [0x00000000c0e00000,0x00000000c1553b18,0x00000000c2a80000)
 Metaspace       used 31817K, capacity 33138K, committed 33280K, reserved 1077248K
  class space    used 4221K, capacity 4491K, committed 4608K, reserved 1048576K
Event: 10.511 GC heap after
Heap after GC invocations=11 (full 1):
 PSYoungGen      total 172032K, used 7676K [0x00000000eaf80000, 0x00000000f7e80000, 0x0000000100000000)
  eden space 164352K, 0% used [0x00000000eaf80000,0x00000000eaf80000,0x00000000f5000000)
  from space 7680K, 99% used [0x00000000f5980000,0x00000000f60ff148,0x00000000f6100000)
  to   space 9728K, 0% used [0x00000000f5000000,0x00000000f5000000,0x00000000f5980000)
 ParOldGen       total 29184K, used 11332K [0x00000000c0e00000, 0x00000000c2a80000, 0x00000000eaf80000)
  object space 29184K, 38% used [0x00000000c0e00000,0x00000000c19111c0,0x00000000c2a80000)
 Metaspace       used 31817K, capacity 33138K, committed 33280K, reserved 1077248K
  class space    used 4221K, capacity 4491K, committed 4608K, reserved 1048576K
}
Event: 13.154 GC heap before
{Heap before GC invocations=12 (full 1):
 PSYoungGen      total 172032K, used 57972K [0x00000000eaf80000, 0x00000000f7e80000, 0x0000000100000000)
  eden space 164352K, 30% used [0x00000000eaf80000,0x00000000ee09dec8,0x00000000f5000000)
  from space 7680K, 99% used [0x00000000f5980000,0x00000000f60ff148,0x00000000f6100000)
  to   space 9728K, 0% used [0x00000000f5000000,0x00000000f5000000,0x00000000f5980000)
 ParOldGen       total 29184K, used 11332K [0x00000000c0e00000, 0x00000000c2a80000, 0x00000000eaf80000)
  object space 29184K, 38% used [0x00000000c0e00000,0x00000000c19111c0,0x00000000c2a80000)
 Metaspace       used 33909K, capacity 35334K, committed 35416K, reserved 1079296K
  class space    used 4572K, capacity 4843K, committed 4864K, reserved 1048576K
Event: 13.163 GC heap after
Heap after GC invocations=12 (full 1):
 PSYoungGen      total 174080K, used 3580K [0x00000000eaf80000, 0x00000000fb080000, 0x0000000100000000)
  eden space 164352K, 0% used [0x00000000eaf80000,0x00000000eaf80000,0x00000000f5000000)
  from space 9728K, 36% used [0x00000000f5000000,0x00000000f537f2e8,0x00000000f5980000)
  to   space 9728K, 0% used [0x00000000fa700000,0x00000000fa700000,0x00000000fb080000)
 ParOldGen       total 29184K, used 15902K [0x00000000c0e00000, 0x00000000c2a80000, 0x00000000eaf80000)
  object space 29184K, 54% used [0x00000000c0e00000,0x00000000c1d878a0,0x00000000c2a80000)
 Metaspace       used 33909K, capacity 35334K, committed 35416K, reserved 1079296K
  class space    used 4572K, capacity 4843K, committed 4864K, reserved 1048576K
}
Event: 13.163 GC heap before
{Heap before GC invocations=13 (full 2):
 PSYoungGen      total 174080K, used 3580K [0x00000000eaf80000, 0x00000000fb080000, 0x0000000100000000)
  eden space 164352K, 0% used [0x00000000eaf80000,0x00000000eaf80000,0x00000000f5000000)
  from space 9728K, 36% used [0x00000000f5000000,0x00000000f537f2e8,0x00000000f5980000)
  to   space 9728K, 0% used [0x00000000fa700000,0x00000000fa700000,0x00000000fb080000)
 ParOldGen       total 29184K, used 15902K [0x00000000c0e00000, 0x00000000c2a80000, 0x00000000eaf80000)
  object space 29184K, 54% used [0x00000000c0e00000,0x00000000c1d878a0,0x00000000c2a80000)
 Metaspace       used 33909K, capacity 35334K, committed 35416K, reserved 1079296K
  class space    used 4572K, capacity 4843K, committed 4864K, reserved 1048576K
Event: 13.524 GC heap after
Heap after GC invocations=13 (full 2):
 PSYoungGen      total 174080K, used 0K [0x00000000eaf80000, 0x00000000fb080000, 0x0000000100000000)
  eden space 164352K, 0% used [0x00000000eaf80000,0x00000000eaf80000,0x00000000f5000000)
  from space 9728K, 0% used [0x00000000f5000000,0x00000000f5000000,0x00000000f5980000)
  to   space 9728K, 0% used [0x00000000fa700000,0x00000000fa700000,0x00000000fb080000)
 ParOldGen       total 29184K, used 14415K [0x00000000c0e00000, 0x00000000c2a80000, 0x00000000eaf80000)
  object space 29184K, 49% used [0x00000000c0e00000,0x00000000c1c13ff8,0x00000000c2a80000)
 Metaspace       used 33909K, capacity 35334K, committed 35416K, reserved 1079296K
  class space    used 4572K, capacity 4843K, committed 4864K, reserved 1048576K
}

