# JRE version: Java(TM) SE Runtime Environment (8.0_131-b11) (build 1.8.0_131-b11)
# Java VM: Java HotSpot(TM) 64-Bit Server VM (25.131-b11 mixed mode windows-amd64 compressed oops)
Heap:
 PSYoungGen      total 158720K, used 19575K [0x00000000eaf80000, 0x00000000f8d00000, 0x0000000100000000)
  eden space 151040K, 12% used [0x00000000eaf80000,0x00000000ec29dc28,0x00000000f4300000)
  from space 7680K, 0% used [0x00000000f4300000,0x00000000f4300000,0x00000000f4a80000)
  to   space 12288K, 0% used [0x00000000f8100000,0x00000000f8100000,0x00000000f8d00000)
 ParOldGen       total 40448K, used 18665K [0x00000000c0e00000, 0x00000000c3580000, 0x00000000eaf80000)
  object space 40448K, 46% used [0x00000000c0e00000,0x00000000c203a470,0x00000000c3580000)
 Metaspace       used 50394K, capacity 52486K, committed 52784K, reserved 1095680K
  class space    used 6739K, capacity 7137K, committed 7216K, reserved 1048576K
GC Heap History (10 events):
Event: 14.062 GC heap before
{Heap before GC invocations=15 (full 2):
 PSYoungGen      total 157184K, used 151040K [0x00000000eaf80000, 0x00000000f5200000, 0x0000000100000000)
  eden space 151040K, 100% used [0x00000000eaf80000,0x00000000f4300000,0x00000000f4300000)
  from space 6144K, 0% used [0x00000000f4c00000,0x00000000f4c00000,0x00000000f5200000)
  to   space 7680K, 0% used [0x00000000f4300000,0x00000000f4300000,0x00000000f4a80000)
 ParOldGen       total 40448K, used 12920K [0x00000000c0e00000, 0x00000000c3580000, 0x00000000eaf80000)
  object space 40448K, 31% used [0x00000000c0e00000,0x00000000c1a9e0f8,0x00000000c3580000)
 Metaspace       used 40077K, capacity 41996K, committed 42288K, reserved 1085440K
  class space    used 5248K, capacity 5594K, committed 5680K, reserved 1048576K
Event: 14.072 GC heap after
Heap after GC invocations=15 (full 2):
 PSYoungGen      total 158720K, used 7655K [0x00000000eaf80000, 0x00000000f8f80000, 0x0000000100000000)
  eden space 151040K, 0% used [0x00000000eaf80000,0x00000000eaf80000,0x00000000f4300000)
  from space 7680K, 99% used [0x00000000f4300000,0x00000000f4a79f78,0x00000000f4a80000)
  to   space 8704K, 0% used [0x00000000f8700000,0x00000000f8700000,0x00000000f8f80000)
 ParOldGen       total 40448K, used 13175K [0x00000000c0e00000, 0x00000000c3580000, 0x00000000eaf80000)
  object space 40448K, 32% used [0x00000000c0e00000,0x00000000c1adde10,0x00000000c3580000)
 Metaspace       used 40077K, capacity 41996K, committed 42288K, reserved 1085440K
  class space    used 5248K, capacity 5594K, committed 5680K, reserved 1048576K
}
Event: 18.134 GC heap before
{Heap before GC invocations=16 (full 2):
 PSYoungGen      total 158720K, used 107031K [0x00000000eaf80000, 0x00000000f8f80000, 0x0000000100000000)
  eden space 151040K, 65% used [0x00000000eaf80000,0x00000000f108bca0,0x00000000f4300000)
  from space 7680K, 99% used [0x00000000f4300000,0x00000000f4a79f78,0x00000000f4a80000)
  to   space 8704K, 0% used [0x00000000f8700000,0x00000000f8700000,0x00000000f8f80000)
 ParOldGen       total 40448K, used 13175K [0x00000000c0e00000, 0x00000000c3580000, 0x00000000eaf80000)
  object space 40448K, 32% used [0x00000000c0e00000,0x00000000c1adde10,0x00000000c3580000)
 Metaspace       used 48971K, capacity 51036K, committed 51248K, reserved 1097728K
  class space    used 6529K, capacity 6912K, committed 6960K, reserved 1048576K
Event: 18.147 GC heap after
Heap after GC invocations=16 (full 2):
 PSYoungGen      total 159744K, used 8674K [0x00000000eaf80000, 0x00000000f8f80000, 0x0000000100000000)
  eden space 151040K, 0% used [0x00000000eaf80000,0x00000000eaf80000,0x00000000f4300000)
  from space 8704K, 99% used [0x00000000f8700000,0x00000000f8f78848,0x00000000f8f80000)
  to   space 7680K, 0% used [0x00000000f4300000,0x00000000f4300000,0x00000000f4a80000)
 ParOldGen       total 40448K, used 18967K [0x00000000c0e00000, 0x00000000c3580000, 0x00000000eaf80000)
  object space 40448K, 46% used [0x00000000c0e00000,0x00000000c2085f88,0x00000000c3580000)
 Metaspace       used 48971K, capacity 51036K, committed 51248K, reserved 1097728K
  class space    used 6529K, capacity 6912K, committed 6960K, reserved 1048576K
}
Event: 18.147 GC heap before
{Heap before GC invocations=17 (full 3):
 PSYoungGen      total 159744K, used 8674K [0x00000000eaf80000, 0x00000000f8f80000, 0x0000000100000000)
  eden space 151040K, 0% used [0x00000000eaf80000,0x00000000eaf80000,0x00000000f4300000)
  from space 8704K, 99% used [0x00000000f8700000,0x00000000f8f78848,0x00000000f8f80000)
  to   space 7680K, 0% used [0x00000000f4300000,0x00000000f4300000,0x00000000f4a80000)
 ParOldGen       total 40448K, used 18967K [0x00000000c0e00000, 0x00000000c3580000, 0x00000000eaf80000)
  object space 40448K, 46% used [0x00000000c0e00000,0x00000000c2085f88,0x00000000c3580000)
 Metaspace       used 48971K, capacity 51036K, committed 51248K, reserved 1097728K
  class space    used 6529K, capacity 6912K, committed 6960K, reserved 1048576K
Event: 18.273 GC heap after
Heap after GC invocations=17 (full 3):
 PSYoungGen      total 159744K, used 0K [0x00000000eaf80000, 0x00000000f8f80000, 0x0000000100000000)
  eden space 151040K, 0% used [0x00000000eaf80000,0x00000000eaf80000,0x00000000f4300000)
  from space 8704K, 0% used [0x00000000f8700000,0x00000000f8700000,0x00000000f8f80000)
  to   space 7680K, 0% used [0x00000000f4300000,0x00000000f4300000,0x00000000f4a80000)
 ParOldGen       total 40448K, used 24265K [0x00000000c0e00000, 0x00000000c3580000, 0x00000000eaf80000)
  object space 40448K, 59% used [0x00000000c0e00000,0x00000000c25b25e0,0x00000000c3580000)
 Metaspace       used 48971K, capacity 51036K, committed 51248K, reserved 1095680K
  class space    used 6529K, capacity 6912K, committed 6960K, reserved 1048576K
}
Event: 18.276 GC heap before
{Heap before GC invocations=18 (full 3):
 PSYoungGen      total 159744K, used 2382K [0x00000000eaf80000, 0x00000000f8f80000, 0x0000000100000000)
  eden space 151040K, 1% used [0x00000000eaf80000,0x00000000eb1d3b10,0x00000000f4300000)
  from space 8704K, 0% used [0x00000000f8700000,0x00000000f8700000,0x00000000f8f80000)
  to   space 7680K, 0% used [0x00000000f4300000,0x00000000f4300000,0x00000000f4a80000)
 ParOldGen       total 40448K, used 24265K [0x00000000c0e00000, 0x00000000c3580000, 0x00000000eaf80000)
  object space 40448K, 59% used [0x00000000c0e00000,0x00000000c25b25e0,0x00000000c3580000)
 Metaspace       used 48971K, capacity 51036K, committed 51248K, reserved 1099776K
  class space    used 6529K, capacity 6912K, committed 6960K, reserved 1048576K
Event: 18.277 GC heap after
Heap after GC invocations=18 (full 3):
 PSYoungGen      total 158720K, used 96K [0x00000000eaf80000, 0x00000000f8d00000, 0x0000000100000000)
  eden space 151040K, 0% used [0x00000000eaf80000,0x00000000eaf80000,0x00000000f4300000)
  from space 7680K, 1% used [0x00000000f4300000,0x00000000f4318000,0x00000000f4a80000)
  to   space 12288K, 0% used [0x00000000f8100000,0x00000000f8100000,0x00000000f8d00000)
 ParOldGen       total 40448K, used 24265K [0x00000000c0e00000, 0x00000000c3580000, 0x00000000eaf80000)
  object space 40448K, 59% used [0x00000000c0e00000,0x00000000c25b25e0,0x00000000c3580000)
 Metaspace       used 48971K, capacity 51036K, committed 51248K, reserved 1099776K
  class space    used 6529K, capacity 6912K, committed 6960K, reserved 1048576K
}
Event: 18.277 GC heap before
{Heap before GC invocations=19 (full 4):
 PSYoungGen      total 158720K, used 96K [0x00000000eaf80000, 0x00000000f8d00000, 0x0000000100000000)
  eden space 151040K, 0% used [0x00000000eaf80000,0x00000000eaf80000,0x00000000f4300000)
  from space 7680K, 1% used [0x00000000f4300000,0x00000000f4318000,0x00000000f4a80000)
  to   space 12288K, 0% used [0x00000000f8100000,0x00000000f8100000,0x00000000f8d00000)
 ParOldGen       total 40448K, used 24265K [0x00000000c0e00000, 0x00000000c3580000, 0x00000000eaf80000)
  object space 40448K, 59% used [0x00000000c0e00000,0x00000000c25b25e0,0x00000000c3580000)
 Metaspace       used 48971K, capacity 51036K, committed 51248K, reserved 1099776K
  class space    used 6529K, capacity 6912K, committed 6960K, reserved 1048576K
Event: 18.322 GC heap after
Heap after GC invocations=19 (full 4):
 PSYoungGen      total 158720K, used 0K [0x00000000eaf80000, 0x00000000f8d00000, 0x0000000100000000)
  eden space 151040K, 0% used [0x00000000eaf80000,0x00000000eaf80000,0x00000000f4300000)
  from space 7680K, 0% used [0x00000000f4300000,0x00000000f4300000,0x00000000f4a80000)
  to   space 12288K, 0% used [0x00000000f8100000,0x00000000f8100000,0x00000000f8d00000)
 ParOldGen       total 40448K, used 18665K [0x00000000c0e00000, 0x00000000c3580000, 0x00000000eaf80000)
  object space 40448K, 46% used [0x00000000c0e00000,0x00000000c203a470,0x00000000c3580000)
 Metaspace       used 48971K, capacity 51036K, committed 51248K, reserved 1095680K
  class space    used 6529K, capacity 6912K, committed 6960K, reserved 1048576K
}

