# JRE version: Java(TM) SE Runtime Environment (8.0_131-b11) (build 1.8.0_131-b11)
# Java VM: Java HotSpot(TM) 64-Bit Server VM (25.131-b11 mixed mode windows-amd64 compressed oops)
Heap:
 PSYoungGen      total 121344K, used 29695K [0x00000000eaf80000, 0x00000000f3d80000, 0x0000000100000000)
  eden space 113152K, 20% used [0x00000000eaf80000,0x00000000ec5abfd0,0x00000000f1e00000)
  from space 8192K, 85% used [0x00000000f2d80000,0x00000000f3453cc8,0x00000000f3580000)
  to   space 5632K, 0% used [0x00000000f3800000,0x00000000f3800000,0x00000000f3d80000)
 ParOldGen       total 38400K, used 11698K [0x00000000c0e00000, 0x00000000c3380000, 0x00000000eaf80000)
  object space 38400K, 30% used [0x00000000c0e00000,0x00000000c196caa8,0x00000000c3380000)
 Metaspace       used 29243K, capacity 30500K, committed 30768K, reserved 1075200K
  class space    used 3784K, capacity 4046K, committed 4144K, reserved 1048576K
GC Heap History (10 events):
Event: 2.126 GC heap before
{Heap before GC invocations=4 (full 0):
 PSYoungGen      total 35328K, used 35324K [0x00000000eaf80000, 0x00000000ef480000, 0x0000000100000000)
  eden space 32768K, 100% used [0x00000000eaf80000,0x00000000ecf80000,0x00000000ecf80000)
  from space 2560K, 99% used [0x00000000ecf80000,0x00000000ed1ff138,0x00000000ed200000)
  to   space 2560K, 0% used [0x00000000ef200000,0x00000000ef200000,0x00000000ef480000)
 ParOldGen       total 44032K, used 5013K [0x00000000c0e00000, 0x00000000c3900000, 0x00000000eaf80000)
  object space 44032K, 11% used [0x00000000c0e00000,0x00000000c12e5530,0x00000000c3900000)
 Metaspace       used 15401K, capacity 15986K, committed 16000K, reserved 1062912K
  class space    used 2012K, capacity 2173K, committed 2176K, reserved 1048576K
Event: 2.145 GC heap after
Heap after GC invocations=4 (full 0):
 PSYoungGen      total 68096K, used 2559K [0x00000000eaf80000, 0x00000000ef480000, 0x0000000100000000)
  eden space 65536K, 0% used [0x00000000eaf80000,0x00000000eaf80000,0x00000000eef80000)
  from space 2560K, 99% used [0x00000000ef200000,0x00000000ef47fe78,0x00000000ef480000)
  to   space 2560K, 0% used [0x00000000eef80000,0x00000000eef80000,0x00000000ef200000)
 ParOldGen       total 44032K, used 7738K [0x00000000c0e00000, 0x00000000c3900000, 0x00000000eaf80000)
  object space 44032K, 17% used [0x00000000c0e00000,0x00000000c158e8f8,0x00000000c3900000)
 Metaspace       used 15401K, capacity 15986K, committed 16000K, reserved 1062912K
  class space    used 2012K, capacity 2173K, committed 2176K, reserved 1048576K
}
Event: 2.584 GC heap before
{Heap before GC invocations=5 (full 0):
 PSYoungGen      total 68096K, used 64518K [0x00000000eaf80000, 0x00000000ef480000, 0x0000000100000000)
  eden space 65536K, 94% used [0x00000000eaf80000,0x00000000eec01c98,0x00000000eef80000)
  from space 2560K, 99% used [0x00000000ef200000,0x00000000ef47fe78,0x00000000ef480000)
  to   space 2560K, 0% used [0x00000000eef80000,0x00000000eef80000,0x00000000ef200000)
 ParOldGen       total 44032K, used 7738K [0x00000000c0e00000, 0x00000000c3900000, 0x00000000eaf80000)
  object space 44032K, 17% used [0x00000000c0e00000,0x00000000c158e8f8,0x00000000c3900000)
 Metaspace       used 20582K, capacity 21214K, committed 21296K, reserved 1067008K
  class space    used 2676K, capacity 2851K, committed 2864K, reserved 1048576K
Event: 2.594 GC heap after
Heap after GC invocations=5 (full 0):
 PSYoungGen      total 68096K, used 2540K [0x00000000eaf80000, 0x00000000f4080000, 0x0000000100000000)
  eden space 65536K, 0% used [0x00000000eaf80000,0x00000000eaf80000,0x00000000eef80000)
  from space 2560K, 99% used [0x00000000eef80000,0x00000000ef1fb168,0x00000000ef200000)
  to   space 8704K, 0% used [0x00000000f3800000,0x00000000f3800000,0x00000000f4080000)
 ParOldGen       total 44032K, used 13372K [0x00000000c0e00000, 0x00000000c3900000, 0x00000000eaf80000)
  object space 44032K, 30% used [0x00000000c0e00000,0x00000000c1b0f3a0,0x00000000c3900000)
 Metaspace       used 20582K, capacity 21214K, committed 21296K, reserved 1067008K
  class space    used 2676K, capacity 2851K, committed 2864K, reserved 1048576K
}
Event: 2.594 GC heap before
{Heap before GC invocations=6 (full 1):
 PSYoungGen      total 68096K, used 2540K [0x00000000eaf80000, 0x00000000f4080000, 0x0000000100000000)
  eden space 65536K, 0% used [0x00000000eaf80000,0x00000000eaf80000,0x00000000eef80000)
  from space 2560K, 99% used [0x00000000eef80000,0x00000000ef1fb168,0x00000000ef200000)
  to   space 8704K, 0% used [0x00000000f3800000,0x00000000f3800000,0x00000000f4080000)
 ParOldGen       total 44032K, used 13372K [0x00000000c0e00000, 0x00000000c3900000, 0x00000000eaf80000)
  object space 44032K, 30% used [0x00000000c0e00000,0x00000000c1b0f3a0,0x00000000c3900000)
 Metaspace       used 20582K, capacity 21214K, committed 21296K, reserved 1067008K
  class space    used 2676K, capacity 2851K, committed 2864K, reserved 1048576K
Event: 2.634 GC heap after
Heap after GC invocations=6 (full 1):
 PSYoungGen      total 68096K, used 0K [0x00000000eaf80000, 0x00000000f4080000, 0x0000000100000000)
  eden space 65536K, 0% used [0x00000000eaf80000,0x00000000eaf80000,0x00000000eef80000)
  from space 2560K, 0% used [0x00000000eef80000,0x00000000eef80000,0x00000000ef200000)
  to   space 8704K, 0% used [0x00000000f3800000,0x00000000f3800000,0x00000000f4080000)
 ParOldGen       total 38400K, used 11682K [0x00000000c0e00000, 0x00000000c3380000, 0x00000000eaf80000)
  object space 38400K, 30% used [0x00000000c0e00000,0x00000000c1968aa8,0x00000000c3380000)
 Metaspace       used 20582K, capacity 21214K, committed 21296K, reserved 1067008K
  class space    used 2676K, capacity 2851K, committed 2864K, reserved 1048576K
}
Event: 4.229 GC heap before
{Heap before GC invocations=7 (full 1):
 PSYoungGen      total 68096K, used 65536K [0x00000000eaf80000, 0x00000000f4080000, 0x0000000100000000)
  eden space 65536K, 100% used [0x00000000eaf80000,0x00000000eef80000,0x00000000eef80000)
  from space 2560K, 0% used [0x00000000eef80000,0x00000000eef80000,0x00000000ef200000)
  to   space 8704K, 0% used [0x00000000f3800000,0x00000000f3800000,0x00000000f4080000)
 ParOldGen       total 38400K, used 11682K [0x00000000c0e00000, 0x00000000c3380000, 0x00000000eaf80000)
  object space 38400K, 30% used [0x00000000c0e00000,0x00000000c1968aa8,0x00000000c3380000)
 Metaspace       used 25386K, capacity 26418K, committed 26672K, reserved 1073152K
  class space    used 3335K, capacity 3583K, committed 3632K, reserved 1048576K
Event: 4.236 GC heap after
Heap after GC invocations=7 (full 1):
 PSYoungGen      total 118784K, used 5335K [0x00000000eaf80000, 0x00000000f3d80000, 0x0000000100000000)
  eden space 113152K, 0% used [0x00000000eaf80000,0x00000000eaf80000,0x00000000f1e00000)
  from space 5632K, 94% used [0x00000000f3800000,0x00000000f3d35f70,0x00000000f3d80000)
  to   space 8192K, 0% used [0x00000000f2d80000,0x00000000f2d80000,0x00000000f3580000)
 ParOldGen       total 38400K, used 11690K [0x00000000c0e00000, 0x00000000c3380000, 0x00000000eaf80000)
  object space 38400K, 30% used [0x00000000c0e00000,0x00000000c196aaa8,0x00000000c3380000)
 Metaspace       used 25386K, capacity 26418K, committed 26672K, reserved 1073152K
  class space    used 3335K, capacity 3583K, committed 3632K, reserved 1048576K
}
Event: 4.714 GC heap before
{Heap before GC invocations=8 (full 1):
 PSYoungGen      total 118784K, used 118487K [0x00000000eaf80000, 0x00000000f3d80000, 0x0000000100000000)
  eden space 113152K, 100% used [0x00000000eaf80000,0x00000000f1e00000,0x00000000f1e00000)
  from space 5632K, 94% used [0x00000000f3800000,0x00000000f3d35f70,0x00000000f3d80000)
  to   space 8192K, 0% used [0x00000000f2d80000,0x00000000f2d80000,0x00000000f3580000)
 ParOldGen       total 38400K, used 11690K [0x00000000c0e00000, 0x00000000c3380000, 0x00000000eaf80000)
  object space 38400K, 30% used [0x00000000c0e00000,0x00000000c196aaa8,0x00000000c3380000)
 Metaspace       used 27877K, capacity 29004K, committed 29232K, reserved 1075200K
  class space    used 3587K, capacity 3838K, committed 3888K, reserved 1048576K
Event: 4.722 GC heap after
Heap after GC invocations=8 (full 1):
 PSYoungGen      total 121344K, used 6991K [0x00000000eaf80000, 0x00000000f3d80000, 0x0000000100000000)
  eden space 113152K, 0% used [0x00000000eaf80000,0x00000000eaf80000,0x00000000f1e00000)
  from space 8192K, 85% used [0x00000000f2d80000,0x00000000f3453cc8,0x00000000f3580000)
  to   space 5632K, 0% used [0x00000000f3800000,0x00000000f3800000,0x00000000f3d80000)
 ParOldGen       total 38400K, used 11698K [0x00000000c0e00000, 0x00000000c3380000, 0x00000000eaf80000)
  object space 38400K, 30% used [0x00000000c0e00000,0x00000000c196caa8,0x00000000c3380000)
 Metaspace       used 27877K, capacity 29004K, committed 29232K, reserved 1075200K
  class space    used 3587K, capacity 3838K, committed 3888K, reserved 1048576K
}

